<?xml version="1.0" encoding="UTF-8"?>
<testsuite xmlns:xsi="http://www.w3.org/2001/XMLSchema-instance" xsi:noNamespaceSchemaLocation="https://maven.apache.org/surefire/maven-surefire-plugin/xsd/surefire-test-report.xsd" name="it.polimi.ingsw.UpdateResourceMarketTest" time="0.04" tests="2" errors="0" skipped="0" failures="0">
  <properties>
[...]
</properties>
  <testcase name="testGetWM" classname="it.polimi.ingsw.UpdateResourceMarketTest" time="0.025"/>
  <testcase name="testUpdateMarket" classname="it.polimi.ingsw.UpdateResourceMarketTest" time="0"/>
</testsuite>