<?xml version="1.0" encoding="UTF-8"?>
<testsuite xmlns:xsi="http://www.w3.org/2001/XMLSchema-instance" xsi:noNamespaceSchemaLocation="https://maven.apache.org/surefire/maven-surefire-plugin/xsd/surefire-test-report.xsd" name="it.polimi.ingsw.ResourceConversionTest" time="0.032" tests="7" errors="0" skipped="0" failures="0">
  <properties>
[...]
</properties>
  <testcase name="testConversionNoWhite" classname="it.polimi.ingsw.ResourceConversionTest" time="0.001"/>
  <testcase name="testCanConversionWhiteWithTwoLC" classname="it.polimi.ingsw.ResourceConversionTest" time="0.005"/>
  <testcase name="testConversionRed" classname="it.polimi.ingsw.ResourceConversionTest" time="0.004"/>
  <testcase name="testConversionWhiteNull" classname="it.polimi.ingsw.ResourceConversionTest" time="0.002"/>
  <testcase name="testCannotConversionWhiteIndexOutOfBound" classname="it.polimi.ingsw.ResourceConversionTest" time="0.01"/>
  <testcase name="testCanConversionWhiteWithLC" classname="it.polimi.ingsw.ResourceConversionTest" time="0.004"/>
  <testcase name="testCannotConversionWhiteWithTwoLC" classname="it.polimi.ingsw.ResourceConversionTest" time="0.003"/>
</testsuite>